
Showing logs for build [32mcb-kubecd-environment-pr-115-1-7vmrh-1[0m stage [32mfrom-build-pack[0m and container [32mstep-credential-initializer-frwg5[0m
{"level":"warn","ts":1576759163.0949314,"logger":"fallback-logger","caller":"logging/config.go:69","msg":"Fetch GitHub commit ID from kodata failed: \"ref: refs/heads/master\" is not a valid GitHub commit ID"}
{"level":"info","ts":1576759163.0954647,"logger":"fallback-logger","caller":"creds-init/main.go:40","msg":"Credentials initialized."}

Showing logs for build [32mcb-kubecd-environment-pr-115-1-7vmrh-1[0m stage [32mfrom-build-pack[0m and container [32mstep-working-dir-initializer-t762r[0m
{"level":"warn","ts":1576759164.4813387,"logger":"fallback-logger","caller":"logging/config.go:69","msg":"Fetch GitHub commit ID from kodata failed: open /var/run/ko/HEAD: no such file or directory"}
{"level":"info","ts":1576759164.482837,"logger":"fallback-logger","caller":"bash/main.go:65","msg":"Successfully executed command \"mkdir -p /workspace/source\""}

Showing logs for build [32mcb-kubecd-environment-pr-115-1-7vmrh-1[0m stage [32mfrom-build-pack[0m and container [32mstep-place-tools[0m

Showing logs for build [32mcb-kubecd-environment-pr-115-1-7vmrh-1[0m stage [32mfrom-build-pack[0m and container [32mstep-git-source-cb-kubecd-environment-pr-115-1-t5v9n[0m
{"level":"warn","ts":1576759170.5513842,"logger":"fallback-logger","caller":"logging/config.go:69","msg":"Fetch GitHub commit ID from kodata failed: \"ref: refs/heads/master\" is not a valid GitHub commit ID"}
{"level":"info","ts":1576759171.6572464,"logger":"fallback-logger","caller":"git/git.go:102","msg":"Successfully cloned https://github.com/cb-kubecd/environment-pr-115-1-boot-gke-production.git @ master in path /workspace/source"}

Showing logs for build [32mcb-kubecd-environment-pr-115-1-7vmrh-1[0m stage [32mfrom-build-pack[0m and container [32mstep-git-merge[0m
Using SHAs from PULL_REFS=master:374137374a25ee79007ebf157c6033b9d7e27b4a,1:8c0d1a322edbde53a259153b1dd5cf9010d47bc0
DEBUG: ran git fetch --unshallow origin 8c0d1a322edbde53a259153b1dd5cf9010d47bc0: 374137374a25ee79007ebf157c6033b9d7e27b4a: in 
DEBUG: ran git checkout master in 
DEBUG: ran git reset --hard 374137374a25ee79007ebf157c6033b9d7e27b4a in 
DEBUG: ran clean --force -d . in 
DEBUG: ran git merge 8c0d1a322edbde53a259153b1dd5cf9010d47bc0 in 
Merged SHA 8c0d1a322edbde53a259153b1dd5cf9010d47bc0 with commit message 'chore: Promote bdd-spring-1576758369 to version 0.0.1' into base branch master

Showing logs for build [32mcb-kubecd-environment-pr-115-1-7vmrh-1[0m stage [32mfrom-build-pack[0m and container [32mstep-build-helm-build[0m
WARNING: No $CHART_REPOSITORY defined so using the default value of: http://jenkins-x-chartmuseum:8080
Adding missing Helm repo: storage.googleapis.com https://storage.googleapis.com/chartmuseum.jenkins-x.io
WARNING: No secrets found on "helm/repos" due: reading the secret "helm/repos" from vault: no secret "helm/repos" not found in vault
Read credentials for https://storage.googleapis.com/chartmuseum.jenkins-x.io from vault helm/repos
Successfully added Helm repository storage.googleapis.com.
Adding missing Helm repo: jenkins-x-chartmuseum http://jenkins-x-chartmuseum:8080
WARNING: No secrets found on "helm/repos" due: reading the secret "helm/repos" from vault: no secret "helm/repos" not found in vault
Read credentials for http://jenkins-x-chartmuseum:8080 from vault helm/repos
Successfully added Helm repository jenkins-x-chartmuseum.
WARNING: No $CHART_REPOSITORY defined so using the default value of: http://jenkins-x-chartmuseum:8080
Adding missing Helm repo: chartmuseum.jenkins-x.io http://chartmuseum.jenkins-x.io
WARNING: No secrets found on "helm/repos" due: reading the secret "helm/repos" from vault: no secret "helm/repos" not found in vault
Read credentials for http://chartmuseum.jenkins-x.io from vault helm/repos
Successfully added Helm repository chartmuseum.jenkins-x.io.
